<?xml version="1.0" encoding="UTF-8"?>
<testng-results skipped="0" failed="0" ignored="0" total="1" passed="1">
  <reporter-output>
    <line>
      <![CDATA[PASS: Title is matching.]]>
    </line>
    <line>
      <![CDATA[logout successful]]>
    </line>
    <line>
      <![CDATA[PASS: Title is matching.]]>
    </line>
    <line>
      <![CDATA[i got executed 1:1::2]]>
    </line>
  </reporter-output>
  <suite name="Default suite" duration-ms="18735" started-at="2017-05-07T20:50:58Z" finished-at="2017-05-07T20:51:17Z">
    <groups>
    </groups>
    <test name="Default test" duration-ms="18735" started-at="2017-05-07T20:50:58Z" finished-at="2017-05-07T20:51:17Z">
      <class name="scripts.ValidLoginLogout">
        <test-method status="PASS" signature="openApplication()[pri:0, instance:scripts.ValidLoginLogout@589838eb]" name="openApplication" is-config="true" duration-ms="9053" started-at="2017-05-08T02:20:58Z" finished-at="2017-05-08T02:21:07Z">
          <reporter-output>
          </reporter-output>
        </test-method> <!-- openApplication -->
        <test-method status="PASS" signature="testLoginValid()[pri:1, instance:scripts.ValidLoginLogout@589838eb]" name="testLoginValid" duration-ms="5960" started-at="2017-05-08T02:21:07Z" finished-at="2017-05-08T02:21:13Z">
          <reporter-output>
            <line>
              <![CDATA[PASS: Title is matching.]]>
            </line>
            <line>
              <![CDATA[logout successful]]>
            </line>
            <line>
              <![CDATA[PASS: Title is matching.]]>
            </line>
          </reporter-output>
        </test-method> <!-- testLoginValid -->
        <test-method status="PASS" signature="closeApplication(org.testng.ITestResult)[pri:0, instance:scripts.ValidLoginLogout@589838eb]" name="closeApplication" is-config="true" duration-ms="3635" started-at="2017-05-08T02:21:13Z" finished-at="2017-05-08T02:21:17Z">
          <params>
            <param index="0">
              <value>
                <![CDATA[[TestResult name=testLoginValid status=SUCCESS method=ValidLoginLogout.testLoginValid()[pri:1, instance:scripts.ValidLoginLogout@589838eb] output=PASS: Title is matching.]]]>
              </value>
            </param>
          </params>
          <reporter-output>
            <line>
              <![CDATA[i got executed 1:1::2]]>
            </line>
          </reporter-output>
        </test-method> <!-- closeApplication -->
      </class> <!-- scripts.ValidLoginLogout -->
    </test> <!-- Default test -->
  </suite> <!-- Default suite -->
</testng-results>
